<?xml version="1.0" encoding="UTF-8"?>
<testsuite xmlns:xsi="http://www.w3.org/2001/XMLSchema-instance" xsi:noNamespaceSchemaLocation="https://maven.apache.org/surefire/maven-surefire-plugin/xsd/surefire-test-report.xsd" name="edu.berkeley.cs186.database.TestDatabaseLocking" time="21.128" tests="19" errors="0" skipped="0" failures="0">
  <properties>
[...]
</properties>
  <testcase name="testDeleteTableSimple" classname="edu.berkeley.cs186.database.TestDatabaseLocking" time="0"/>
  <testcase name="testRecordDelete" classname="edu.berkeley.cs186.database.TestDatabaseLocking" time="1.15"/>
  <testcase name="testTempTable" classname="edu.berkeley.cs186.database.TestDatabaseLocking" time="0.006"/>
  <testcase name="testRecordUpdate" classname="edu.berkeley.cs186.database.TestDatabaseLocking" time="0.96"/>
  <testcase name="testTableScan" classname="edu.berkeley.cs186.database.TestDatabaseLocking" time="0.991"/>
  <testcase name="testCreateTableSimple" classname="edu.berkeley.cs186.database.TestDatabaseLocking" time="0.952"/>
  <testcase name="testSimpleTransactionCleanup" classname="edu.berkeley.cs186.database.TestDatabaseLocking" time="0.985"/>
  <testcase name="testSearchOperationLocking" classname="edu.berkeley.cs186.database.TestDatabaseLocking" time="1.019"/>
  <testcase name="testBPlusTreeRestrict" classname="edu.berkeley.cs186.database.TestDatabaseLocking" time="0.017"/>
  <testcase name="testTableCleanup" classname="edu.berkeley.cs186.database.TestDatabaseLocking" time="0.946"/>
  <testcase name="testQueryWithIndex" classname="edu.berkeley.cs186.database.TestDatabaseLocking" time="2.778"/>
  <testcase name="testSortedScanLocking" classname="edu.berkeley.cs186.database.TestDatabaseLocking" time="0.983"/>
  <testcase name="testRecordRead" classname="edu.berkeley.cs186.database.TestDatabaseLocking" time="0.923"/>
  <testcase name="testPageAllocatorInitCapacity" classname="edu.berkeley.cs186.database.TestDatabaseLocking" time="0.01"/>
  <testcase name="testDeleteAllTables" classname="edu.berkeley.cs186.database.TestDatabaseLocking" time="0.001"/>
  <testcase name="testRecordWrite" classname="edu.berkeley.cs186.database.TestDatabaseLocking" time="0.924"/>
  <testcase name="testSortedScanNoIndexLocking" classname="edu.berkeley.cs186.database.TestDatabaseLocking" time="0.251"/>
  <testcase name="testAutoEscalateS" classname="edu.berkeley.cs186.database.TestDatabaseLocking" time="4.138"/>
  <testcase name="testAutoEscalateX" classname="edu.berkeley.cs186.database.TestDatabaseLocking" time="4.093"/>
</testsuite>