<?xml version="1.0" encoding="UTF-8"?>
<testsuite xmlns:xsi="http://www.w3.org/2001/XMLSchema-instance" xsi:noNamespaceSchemaLocation="https://maven.apache.org/surefire/maven-surefire-plugin/xsd/surefire-test-report.xsd" name="edu.berkeley.cs186.database.query.TestSortOperator" time="18.848" tests="6" errors="3" skipped="0" failures="0">
  <properties>
    <property name="awt.toolkit" value="sun.awt.X11.XToolkit"/>
    <property name="file.encoding.pkg" value="sun.io"/>
    <property name="java.specification.version" value="1.8"/>
    <property name="sun.cpu.isalist" value=""/>
    <property name="sun.jnu.encoding" value="ANSI_X3.4-1968"/>
    <property name="java.class.path" value="/cs186/Fa18HW3/target/test-classes:/cs186/Fa18HW3/target/classes:/home/ubuntu/.m2/repository/junit/junit/4.12/junit-4.12.jar:/home/ubuntu/.m2/repository/org/hamcrest/hamcrest-core/1.3/hamcrest-core-1.3.jar:"/>
    <property name="java.vm.vendor" value="Oracle Corporation"/>
    <property name="sun.arch.data.model" value="64"/>
    <property name="java.vendor.url" value="http://java.oracle.com/"/>
    <property name="user.timezone" value=""/>
    <property name="java.vm.specification.version" value="1.8"/>
    <property name="os.name" value="Linux"/>
    <property name="user.country" value="US"/>
    <property name="sun.java.launcher" value="SUN_STANDARD"/>
    <property name="sun.boot.library.path" value="/usr/lib/jvm/java-8-openjdk-amd64/jre/lib/amd64"/>
    <property name="sun.java.command" value="/cs186/Fa18HW3/target/surefire/surefirebooter7572025691420129331.jar /cs186/Fa18HW3/target/surefire 2018-10-19T02-54-19_171-jvmRun1 surefire2504881410077424418tmp surefire_09066626135278914372tmp"/>
    <property name="surefire.test.class.path" value="/cs186/Fa18HW3/target/test-classes:/cs186/Fa18HW3/target/classes:/home/ubuntu/.m2/repository/junit/junit/4.12/junit-4.12.jar:/home/ubuntu/.m2/repository/org/hamcrest/hamcrest-core/1.3/hamcrest-core-1.3.jar:"/>
    <property name="sun.cpu.endian" value="little"/>
    <property name="user.home" value="/home/ubuntu"/>
    <property name="user.language" value="en"/>
    <property name="java.specification.vendor" value="Oracle Corporation"/>
    <property name="java.home" value="/usr/lib/jvm/java-8-openjdk-amd64/jre"/>
    <property name="basedir" value="/cs186/Fa18HW3"/>
    <property name="file.separator" value="/"/>
    <property name="line.separator" value="&#10;"/>
    <property name="java.vm.specification.vendor" value="Oracle Corporation"/>
    <property name="java.specification.name" value="Java Platform API Specification"/>
    <property name="java.awt.graphicsenv" value="sun.awt.X11GraphicsEnvironment"/>
    <property name="surefire.real.class.path" value="/cs186/Fa18HW3/target/surefire/surefirebooter7572025691420129331.jar"/>
    <property name="sun.boot.class.path" value="/usr/lib/jvm/java-8-openjdk-amd64/jre/lib/resources.jar:/usr/lib/jvm/java-8-openjdk-amd64/jre/lib/rt.jar:/usr/lib/jvm/java-8-openjdk-amd64/jre/lib/sunrsasign.jar:/usr/lib/jvm/java-8-openjdk-amd64/jre/lib/jsse.jar:/usr/lib/jvm/java-8-openjdk-amd64/jre/lib/jce.jar:/usr/lib/jvm/java-8-openjdk-amd64/jre/lib/charsets.jar:/usr/lib/jvm/java-8-openjdk-amd64/jre/lib/jfr.jar:/usr/lib/jvm/java-8-openjdk-amd64/jre/classes"/>
    <property name="sun.management.compiler" value="HotSpot 64-Bit Tiered Compilers"/>
    <property name="java.runtime.version" value="1.8.0_181-8u181-b13-0ubuntu0.16.04.1-b13"/>
    <property name="user.name" value="ubuntu"/>
    <property name="path.separator" value=":"/>
    <property name="os.version" value="4.9.93-linuxkit-aufs"/>
    <property name="java.endorsed.dirs" value="/usr/lib/jvm/java-8-openjdk-amd64/jre/lib/endorsed"/>
    <property name="java.runtime.name" value="OpenJDK Runtime Environment"/>
    <property name="file.encoding" value="ANSI_X3.4-1968"/>
    <property name="java.vm.name" value="OpenJDK 64-Bit Server VM"/>
    <property name="localRepository" value="/home/ubuntu/.m2/repository"/>
    <property name="java.vendor.url.bug" value="http://bugreport.sun.com/bugreport/"/>
    <property name="java.io.tmpdir" value="/tmp"/>
    <property name="java.version" value="1.8.0_181"/>
    <property name="user.dir" value="/cs186/Fa18HW3"/>
    <property name="os.arch" value="amd64"/>
    <property name="java.vm.specification.name" value="Java Virtual Machine Specification"/>
    <property name="java.awt.printerjob" value="sun.print.PSPrinterJob"/>
    <property name="sun.os.patch.level" value="unknown"/>
    <property name="java.library.path" value="/usr/java/packages/lib/amd64:/usr/lib/x86_64-linux-gnu/jni:/lib/x86_64-linux-gnu:/usr/lib/x86_64-linux-gnu:/usr/lib/jni:/lib:/usr/lib"/>
    <property name="java.vm.info" value="mixed mode"/>
    <property name="java.vendor" value="Oracle Corporation"/>
    <property name="java.vm.version" value="25.181-b13"/>
    <property name="java.ext.dirs" value="/usr/lib/jvm/java-8-openjdk-amd64/jre/lib/ext:/usr/java/packages/lib/ext"/>
    <property name="sun.io.unicode.encoding" value="UnicodeLittle"/>
    <property name="java.class.version" value="52.0"/>
  </properties>
  <testcase name="testMergePass" classname="edu.berkeley.cs186.database.query.TestSortOperator" time="1.617"/>
  <testcase name="testSortBackwards" classname="edu.berkeley.cs186.database.query.TestSortOperator" time="5.018">
    <error message="test timed out after 5000 milliseconds" type="org.junit.runners.model.TestTimedOutException"><![CDATA[org.junit.runners.model.TestTimedOutException: test timed out after 5000 milliseconds
	at java.nio.MappedByteBuffer.force0(Native Method)
	at java.nio.MappedByteBuffer.force(MappedByteBuffer.java:203)
	at edu.berkeley.cs186.database.io.Page.flush(Page.java:174)
	at edu.berkeley.cs186.database.io.LRUCache.removeEldestEntry(LRUCache.java:23)
	at java.util.LinkedHashMap.afterNodeInsertion(LinkedHashMap.java:299)
	at java.util.HashMap.putVal(HashMap.java:664)
	at java.util.HashMap.put(HashMap.java:612)
	at edu.berkeley.cs186.database.io.PageAllocator.fetchPage(PageAllocator.java:199)
	at edu.berkeley.cs186.database.io.PageAllocator.allocPage(PageAllocator.java:148)
	at edu.berkeley.cs186.database.table.Table.writeSchemaToHeaderPage(Table.java:373)
	at edu.berkeley.cs186.database.table.Table.<init>(Table.java:141)
	at edu.berkeley.cs186.database.Database$Transaction.createTempTable(Database.java:310)
	at edu.berkeley.cs186.database.query.SortOperator$Run.<init>(SortOperator.java:43)
	at edu.berkeley.cs186.database.query.SortOperator.mergeSortedRuns(SortOperator.java:97)
	at edu.berkeley.cs186.database.query.SortOperator.mergePass(SortOperator.java:125)
	at edu.berkeley.cs186.database.query.SortOperator.sort(SortOperator.java:159)
	at edu.berkeley.cs186.database.query.TestSortOperator.testSortBackwards(TestSortOperator.java:212)
	at sun.reflect.NativeMethodAccessorImpl.invoke0(Native Method)
	at sun.reflect.NativeMethodAccessorImpl.invoke(NativeMethodAccessorImpl.java:62)
	at sun.reflect.DelegatingMethodAccessorImpl.invoke(DelegatingMethodAccessorImpl.java:43)
	at java.lang.reflect.Method.invoke(Method.java:498)
	at org.junit.runners.model.FrameworkMethod$1.runReflectiveCall(FrameworkMethod.java:50)
	at org.junit.internal.runners.model.ReflectiveCallable.run(ReflectiveCallable.java:12)
	at org.junit.runners.model.FrameworkMethod.invokeExplosively(FrameworkMethod.java:47)
	at org.junit.internal.runners.statements.InvokeMethod.evaluate(InvokeMethod.java:17)
	at org.junit.internal.runners.statements.FailOnTimeout$CallableStatement.call(FailOnTimeout.java:298)
	at org.junit.internal.runners.statements.FailOnTimeout$CallableStatement.call(FailOnTimeout.java:292)
	at java.util.concurrent.FutureTask.run(FutureTask.java:266)
	at java.lang.Thread.run(Thread.java:748)
]]></error>
  </testcase>
  <testcase name="testMergeSortedRuns" classname="edu.berkeley.cs186.database.query.TestSortOperator" time="1.111"/>
  <testcase name="testSortRandomOrder" classname="edu.berkeley.cs186.database.query.TestSortOperator" time="5.018">
    <error message="test timed out after 5000 milliseconds" type="org.junit.runners.model.TestTimedOutException">org.junit.runners.model.TestTimedOutException: test timed out after 5000 milliseconds
	at java.nio.MappedByteBuffer.force0(Native Method)
	at java.nio.MappedByteBuffer.force(MappedByteBuffer.java:203)
	at edu.berkeley.cs186.database.io.Page.flush(Page.java:174)
	at edu.berkeley.cs186.database.io.LRUCache.removeEldestEntry(LRUCache.java:23)
	at java.util.LinkedHashMap.afterNodeInsertion(LinkedHashMap.java:299)
	at java.util.HashMap.putVal(HashMap.java:664)
	at java.util.HashMap.put(HashMap.java:612)
	at edu.berkeley.cs186.database.io.PageAllocator.fetchPage(PageAllocator.java:199)
	at edu.berkeley.cs186.database.io.PageAllocator.allocPage(PageAllocator.java:148)
	at edu.berkeley.cs186.database.table.Table.addRecord(Table.java:275)
	at edu.berkeley.cs186.database.Database$Transaction.runAddRecord(Database.java:388)
	at edu.berkeley.cs186.database.Database$Transaction.addRecord(Database.java:382)
	at edu.berkeley.cs186.database.query.SortOperator$Run.addRecord(SortOperator.java:47)
	at edu.berkeley.cs186.database.query.SortOperator.mergeSortedRuns(SortOperator.java:109)
	at edu.berkeley.cs186.database.query.SortOperator.mergePass(SortOperator.java:125)
	at edu.berkeley.cs186.database.query.SortOperator.sort(SortOperator.java:159)
	at edu.berkeley.cs186.database.query.TestSortOperator.testSortRandomOrder(TestSortOperator.java:242)
	at sun.reflect.NativeMethodAccessorImpl.invoke0(Native Method)
	at sun.reflect.NativeMethodAccessorImpl.invoke(NativeMethodAccessorImpl.java:62)
	at sun.reflect.DelegatingMethodAccessorImpl.invoke(DelegatingMethodAccessorImpl.java:43)
	at java.lang.reflect.Method.invoke(Method.java:498)
	at org.junit.runners.model.FrameworkMethod$1.runReflectiveCall(FrameworkMethod.java:50)
	at org.junit.internal.runners.model.ReflectiveCallable.run(ReflectiveCallable.java:12)
	at org.junit.runners.model.FrameworkMethod.invokeExplosively(FrameworkMethod.java:47)
	at org.junit.internal.runners.statements.InvokeMethod.evaluate(InvokeMethod.java:17)
	at org.junit.internal.runners.statements.FailOnTimeout$CallableStatement.call(FailOnTimeout.java:298)
	at org.junit.internal.runners.statements.FailOnTimeout$CallableStatement.call(FailOnTimeout.java:292)
	at java.util.concurrent.FutureTask.run(FutureTask.java:266)
	at java.lang.Thread.run(Thread.java:748)
</error>
  </testcase>
  <testcase name="testSortNoChange" classname="edu.berkeley.cs186.database.query.TestSortOperator" time="4.986">
    <error message="test timed out after 5000 milliseconds" type="org.junit.runners.model.TestTimedOutException"><![CDATA[org.junit.runners.model.TestTimedOutException: test timed out after 5000 milliseconds
	at java.nio.MappedByteBuffer.force0(Native Method)
	at java.nio.MappedByteBuffer.force(MappedByteBuffer.java:203)
	at edu.berkeley.cs186.database.io.Page.flush(Page.java:174)
	at edu.berkeley.cs186.database.io.PageAllocator.allocPage(PageAllocator.java:143)
	at edu.berkeley.cs186.database.table.Table.writeSchemaToHeaderPage(Table.java:373)
	at edu.berkeley.cs186.database.table.Table.<init>(Table.java:141)
	at edu.berkeley.cs186.database.Database$Transaction.createTempTable(Database.java:310)
	at edu.berkeley.cs186.database.query.SortOperator$Run.<init>(SortOperator.java:43)
	at edu.berkeley.cs186.database.query.SortOperator.mergeSortedRuns(SortOperator.java:97)
	at edu.berkeley.cs186.database.query.SortOperator.mergePass(SortOperator.java:125)
	at edu.berkeley.cs186.database.query.SortOperator.sort(SortOperator.java:159)
	at edu.berkeley.cs186.database.query.TestSortOperator.testSortNoChange(TestSortOperator.java:188)
	at sun.reflect.NativeMethodAccessorImpl.invoke0(Native Method)
	at sun.reflect.NativeMethodAccessorImpl.invoke(NativeMethodAccessorImpl.java:62)
	at sun.reflect.DelegatingMethodAccessorImpl.invoke(DelegatingMethodAccessorImpl.java:43)
	at java.lang.reflect.Method.invoke(Method.java:498)
	at org.junit.runners.model.FrameworkMethod$1.runReflectiveCall(FrameworkMethod.java:50)
	at org.junit.internal.runners.model.ReflectiveCallable.run(ReflectiveCallable.java:12)
	at org.junit.runners.model.FrameworkMethod.invokeExplosively(FrameworkMethod.java:47)
	at org.junit.internal.runners.statements.InvokeMethod.evaluate(InvokeMethod.java:17)
	at org.junit.internal.runners.statements.FailOnTimeout$CallableStatement.call(FailOnTimeout.java:298)
	at org.junit.internal.runners.statements.FailOnTimeout$CallableStatement.call(FailOnTimeout.java:292)
	at java.util.concurrent.FutureTask.run(FutureTask.java:266)
	at java.lang.Thread.run(Thread.java:748)
]]></error>
  </testcase>
  <testcase name="testSortRun" classname="edu.berkeley.cs186.database.query.TestSortOperator" time="1.097"/>
</testsuite>