<?xml version="1.0" encoding="UTF-8"?>
<testsuite xmlns:xsi="http://www.w3.org/2001/XMLSchema-instance" xsi:noNamespaceSchemaLocation="https://maven.apache.org/surefire/maven-surefire-plugin/xsd/surefire-test-report.xsd" name="edu.berkeley.cs186.database.query.TestJoinOperator" time="5.288" tests="9" errors="2" skipped="0" failures="0">
  <properties>
[...]
</properties>
  <testcase name="testSimpleJoin" classname="edu.berkeley.cs186.database.query.TestJoinOperator" time="0.518"/>
  <testcase name="testSimpleJoinBNLJ" classname="edu.berkeley.cs186.database.query.TestJoinOperator" time="0.213"/>
  <testcase name="testSimpleJoinPNLJ" classname="edu.berkeley.cs186.database.query.TestJoinOperator" time="0.158"/>
  <testcase name="testSortMergeJoinUnsortedInputs" classname="edu.berkeley.cs186.database.query.TestJoinOperator" time="0.846">
    <error message="TODO(hw3): implement" type="java.lang.UnsupportedOperationException"><![CDATA[java.lang.UnsupportedOperationException: TODO(hw3): implement
	at edu.berkeley.cs186.database.query.SortMergeOperator$SortMergeIterator.<init>(SortMergeOperator.java:68)
	at edu.berkeley.cs186.database.query.SortMergeOperator.iterator(SortMergeOperator.java:31)
	at edu.berkeley.cs186.database.query.TestJoinOperator.testSortMergeJoinUnsortedInputs(TestJoinOperator.java:348)
	at sun.reflect.NativeMethodAccessorImpl.invoke0(Native Method)
	at sun.reflect.NativeMethodAccessorImpl.invoke(NativeMethodAccessorImpl.java:62)
	at sun.reflect.DelegatingMethodAccessorImpl.invoke(DelegatingMethodAccessorImpl.java:43)
	at java.lang.reflect.Method.invoke(Method.java:498)
	at org.junit.runners.model.FrameworkMethod$1.runReflectiveCall(FrameworkMethod.java:50)
	at org.junit.internal.runners.model.ReflectiveCallable.run(ReflectiveCallable.java:12)
	at org.junit.runners.model.FrameworkMethod.invokeExplosively(FrameworkMethod.java:47)
	at org.junit.internal.runners.statements.InvokeMethod.evaluate(InvokeMethod.java:17)
	at org.junit.internal.runners.statements.FailOnTimeout$CallableStatement.call(FailOnTimeout.java:298)
	at org.junit.internal.runners.statements.FailOnTimeout$CallableStatement.call(FailOnTimeout.java:292)
	at java.util.concurrent.FutureTask.run(FutureTask.java:266)
	at java.lang.Thread.run(Thread.java:748)
]]></error>
  </testcase>
  <testcase name="testEmptyJoin" classname="edu.berkeley.cs186.database.query.TestJoinOperator" time="0.061"/>
  <testcase name="testSimpleSortMergeJoin" classname="edu.berkeley.cs186.database.query.TestJoinOperator" time="0.108">
    <error message="TODO(hw3): implement" type="java.lang.UnsupportedOperationException"><![CDATA[java.lang.UnsupportedOperationException: TODO(hw3): implement
	at edu.berkeley.cs186.database.query.SortMergeOperator$SortMergeIterator.<init>(SortMergeOperator.java:68)
	at edu.berkeley.cs186.database.query.SortMergeOperator.iterator(SortMergeOperator.java:31)
	at edu.berkeley.cs186.database.query.TestJoinOperator.testSimpleSortMergeJoin(TestJoinOperator.java:256)
	at sun.reflect.NativeMethodAccessorImpl.invoke0(Native Method)
	at sun.reflect.NativeMethodAccessorImpl.invoke(NativeMethodAccessorImpl.java:62)
	at sun.reflect.DelegatingMethodAccessorImpl.invoke(DelegatingMethodAccessorImpl.java:43)
	at java.lang.reflect.Method.invoke(Method.java:498)
	at org.junit.runners.model.FrameworkMethod$1.runReflectiveCall(FrameworkMethod.java:50)
	at org.junit.internal.runners.model.ReflectiveCallable.run(ReflectiveCallable.java:12)
	at org.junit.runners.model.FrameworkMethod.invokeExplosively(FrameworkMethod.java:47)
	at org.junit.internal.runners.statements.InvokeMethod.evaluate(InvokeMethod.java:17)
	at org.junit.internal.runners.statements.FailOnTimeout$CallableStatement.call(FailOnTimeout.java:298)
	at org.junit.internal.runners.statements.FailOnTimeout$CallableStatement.call(FailOnTimeout.java:292)
	at java.util.concurrent.FutureTask.run(FutureTask.java:266)
	at java.lang.Thread.run(Thread.java:748)
]]></error>
  </testcase>
  <testcase name="testOperatorSchema" classname="edu.berkeley.cs186.database.query.TestJoinOperator" time="0.001"/>
  <testcase name="testBNLJDiffOutPutThanPNLJ" classname="edu.berkeley.cs186.database.query.TestJoinOperator" time="1.676"/>
  <testcase name="testSimplePNLJOutputOrder" classname="edu.berkeley.cs186.database.query.TestJoinOperator" time="1.705"/>
</testsuite>