<?xml version="1.0" encoding="UTF-8"?>
<testsuite xmlns:xsi="http://www.w3.org/2001/XMLSchema-instance" xsi:noNamespaceSchemaLocation="https://maven.apache.org/surefire/maven-surefire-plugin/xsd/surefire-test-report.xsd" name="edu.berkeley.cs186.database.query.TestSortOperator" time="18.848" tests="6" errors="3" skipped="0" failures="0">
  <properties>
[...]
</properties>
  <testcase name="testMergePass" classname="edu.berkeley.cs186.database.query.TestSortOperator" time="1.617"/>
  <testcase name="testSortBackwards" classname="edu.berkeley.cs186.database.query.TestSortOperator" time="5.018">
    <error message="test timed out after 5000 milliseconds" type="org.junit.runners.model.TestTimedOutException"><![CDATA[org.junit.runners.model.TestTimedOutException: test timed out after 5000 milliseconds
	at java.nio.MappedByteBuffer.force0(Native Method)
	at java.nio.MappedByteBuffer.force(MappedByteBuffer.java:203)
	at edu.berkeley.cs186.database.io.Page.flush(Page.java:174)
	at edu.berkeley.cs186.database.io.LRUCache.removeEldestEntry(LRUCache.java:23)
	at java.util.LinkedHashMap.afterNodeInsertion(LinkedHashMap.java:299)
	at java.util.HashMap.putVal(HashMap.java:664)
	at java.util.HashMap.put(HashMap.java:612)
	at edu.berkeley.cs186.database.io.PageAllocator.fetchPage(PageAllocator.java:199)
	at edu.berkeley.cs186.database.io.PageAllocator.allocPage(PageAllocator.java:148)
	at edu.berkeley.cs186.database.table.Table.writeSchemaToHeaderPage(Table.java:373)
	at edu.berkeley.cs186.database.table.Table.<init>(Table.java:141)
	at edu.berkeley.cs186.database.Database$Transaction.createTempTable(Database.java:310)
	at edu.berkeley.cs186.database.query.SortOperator$Run.<init>(SortOperator.java:43)
	at edu.berkeley.cs186.database.query.SortOperator.mergeSortedRuns(SortOperator.java:97)
	at edu.berkeley.cs186.database.query.SortOperator.mergePass(SortOperator.java:125)
	at edu.berkeley.cs186.database.query.SortOperator.sort(SortOperator.java:159)
	at edu.berkeley.cs186.database.query.TestSortOperator.testSortBackwards(TestSortOperator.java:212)
	at sun.reflect.NativeMethodAccessorImpl.invoke0(Native Method)
	at sun.reflect.NativeMethodAccessorImpl.invoke(NativeMethodAccessorImpl.java:62)
	at sun.reflect.DelegatingMethodAccessorImpl.invoke(DelegatingMethodAccessorImpl.java:43)
	at java.lang.reflect.Method.invoke(Method.java:498)
	at org.junit.runners.model.FrameworkMethod$1.runReflectiveCall(FrameworkMethod.java:50)
	at org.junit.internal.runners.model.ReflectiveCallable.run(ReflectiveCallable.java:12)
	at org.junit.runners.model.FrameworkMethod.invokeExplosively(FrameworkMethod.java:47)
	at org.junit.internal.runners.statements.InvokeMethod.evaluate(InvokeMethod.java:17)
	at org.junit.internal.runners.statements.FailOnTimeout$CallableStatement.call(FailOnTimeout.java:298)
	at org.junit.internal.runners.statements.FailOnTimeout$CallableStatement.call(FailOnTimeout.java:292)
	at java.util.concurrent.FutureTask.run(FutureTask.java:266)
	at java.lang.Thread.run(Thread.java:748)
]]></error>
  </testcase>
  <testcase name="testMergeSortedRuns" classname="edu.berkeley.cs186.database.query.TestSortOperator" time="1.111"/>
  <testcase name="testSortRandomOrder" classname="edu.berkeley.cs186.database.query.TestSortOperator" time="5.018">
    <error message="test timed out after 5000 milliseconds" type="org.junit.runners.model.TestTimedOutException">org.junit.runners.model.TestTimedOutException: test timed out after 5000 milliseconds
	at java.nio.MappedByteBuffer.force0(Native Method)
	at java.nio.MappedByteBuffer.force(MappedByteBuffer.java:203)
	at edu.berkeley.cs186.database.io.Page.flush(Page.java:174)
	at edu.berkeley.cs186.database.io.LRUCache.removeEldestEntry(LRUCache.java:23)
	at java.util.LinkedHashMap.afterNodeInsertion(LinkedHashMap.java:299)
	at java.util.HashMap.putVal(HashMap.java:664)
	at java.util.HashMap.put(HashMap.java:612)
	at edu.berkeley.cs186.database.io.PageAllocator.fetchPage(PageAllocator.java:199)
	at edu.berkeley.cs186.database.io.PageAllocator.allocPage(PageAllocator.java:148)
	at edu.berkeley.cs186.database.table.Table.addRecord(Table.java:275)
	at edu.berkeley.cs186.database.Database$Transaction.runAddRecord(Database.java:388)
	at edu.berkeley.cs186.database.Database$Transaction.addRecord(Database.java:382)
	at edu.berkeley.cs186.database.query.SortOperator$Run.addRecord(SortOperator.java:47)
	at edu.berkeley.cs186.database.query.SortOperator.mergeSortedRuns(SortOperator.java:109)
	at edu.berkeley.cs186.database.query.SortOperator.mergePass(SortOperator.java:125)
	at edu.berkeley.cs186.database.query.SortOperator.sort(SortOperator.java:159)
	at edu.berkeley.cs186.database.query.TestSortOperator.testSortRandomOrder(TestSortOperator.java:242)
	at sun.reflect.NativeMethodAccessorImpl.invoke0(Native Method)
	at sun.reflect.NativeMethodAccessorImpl.invoke(NativeMethodAccessorImpl.java:62)
	at sun.reflect.DelegatingMethodAccessorImpl.invoke(DelegatingMethodAccessorImpl.java:43)
	at java.lang.reflect.Method.invoke(Method.java:498)
	at org.junit.runners.model.FrameworkMethod$1.runReflectiveCall(FrameworkMethod.java:50)
	at org.junit.internal.runners.model.ReflectiveCallable.run(ReflectiveCallable.java:12)
	at org.junit.runners.model.FrameworkMethod.invokeExplosively(FrameworkMethod.java:47)
	at org.junit.internal.runners.statements.InvokeMethod.evaluate(InvokeMethod.java:17)
	at org.junit.internal.runners.statements.FailOnTimeout$CallableStatement.call(FailOnTimeout.java:298)
	at org.junit.internal.runners.statements.FailOnTimeout$CallableStatement.call(FailOnTimeout.java:292)
	at java.util.concurrent.FutureTask.run(FutureTask.java:266)
	at java.lang.Thread.run(Thread.java:748)
</error>
  </testcase>
  <testcase name="testSortNoChange" classname="edu.berkeley.cs186.database.query.TestSortOperator" time="4.986">
    <error message="test timed out after 5000 milliseconds" type="org.junit.runners.model.TestTimedOutException"><![CDATA[org.junit.runners.model.TestTimedOutException: test timed out after 5000 milliseconds
	at java.nio.MappedByteBuffer.force0(Native Method)
	at java.nio.MappedByteBuffer.force(MappedByteBuffer.java:203)
	at edu.berkeley.cs186.database.io.Page.flush(Page.java:174)
	at edu.berkeley.cs186.database.io.PageAllocator.allocPage(PageAllocator.java:143)
	at edu.berkeley.cs186.database.table.Table.writeSchemaToHeaderPage(Table.java:373)
	at edu.berkeley.cs186.database.table.Table.<init>(Table.java:141)
	at edu.berkeley.cs186.database.Database$Transaction.createTempTable(Database.java:310)
	at edu.berkeley.cs186.database.query.SortOperator$Run.<init>(SortOperator.java:43)
	at edu.berkeley.cs186.database.query.SortOperator.mergeSortedRuns(SortOperator.java:97)
	at edu.berkeley.cs186.database.query.SortOperator.mergePass(SortOperator.java:125)
	at edu.berkeley.cs186.database.query.SortOperator.sort(SortOperator.java:159)
	at edu.berkeley.cs186.database.query.TestSortOperator.testSortNoChange(TestSortOperator.java:188)
	at sun.reflect.NativeMethodAccessorImpl.invoke0(Native Method)
	at sun.reflect.NativeMethodAccessorImpl.invoke(NativeMethodAccessorImpl.java:62)
	at sun.reflect.DelegatingMethodAccessorImpl.invoke(DelegatingMethodAccessorImpl.java:43)
	at java.lang.reflect.Method.invoke(Method.java:498)
	at org.junit.runners.model.FrameworkMethod$1.runReflectiveCall(FrameworkMethod.java:50)
	at org.junit.internal.runners.model.ReflectiveCallable.run(ReflectiveCallable.java:12)
	at org.junit.runners.model.FrameworkMethod.invokeExplosively(FrameworkMethod.java:47)
	at org.junit.internal.runners.statements.InvokeMethod.evaluate(InvokeMethod.java:17)
	at org.junit.internal.runners.statements.FailOnTimeout$CallableStatement.call(FailOnTimeout.java:298)
	at org.junit.internal.runners.statements.FailOnTimeout$CallableStatement.call(FailOnTimeout.java:292)
	at java.util.concurrent.FutureTask.run(FutureTask.java:266)
	at java.lang.Thread.run(Thread.java:748)
]]></error>
  </testcase>
  <testcase name="testSortRun" classname="edu.berkeley.cs186.database.query.TestSortOperator" time="1.097"/>
</testsuite>