<?xml version="1.0" encoding="UTF-8"?>
<testsuite xmlns:xsi="http://www.w3.org/2001/XMLSchema-instance" xsi:noNamespaceSchemaLocation="https://maven.apache.org/surefire/maven-surefire-plugin/xsd/surefire-test-report.xsd" name="edu.berkeley.cs186.database.index.TestLeafNode" time="0.096" tests="12" errors="0" skipped="0" failures="0">
  <properties>
[...]
</properties>
  <testcase name="testSmallBulkLoad" classname="edu.berkeley.cs186.database.index.TestLeafNode" time="0.003"/>
  <testcase name="testScanGreaterEqual" classname="edu.berkeley.cs186.database.index.TestLeafNode" time="0.004"/>
  <testcase name="testGetL" classname="edu.berkeley.cs186.database.index.TestLeafNode" time="0.002"/>
  <testcase name="testGetLeftmostLeafL" classname="edu.berkeley.cs186.database.index.TestLeafNode" time="0.005"/>
  <testcase name="testNoOverflowPuts" classname="edu.berkeley.cs186.database.index.TestLeafNode" time="0.007"/>
  <testcase name="testNoOverflowPutsFromDisk" classname="edu.berkeley.cs186.database.index.TestLeafNode" time="0.004"/>
  <testcase name="testSimpleRemoves" classname="edu.berkeley.cs186.database.index.TestLeafNode" time="0.004"/>
  <testcase name="testMaxOrder" classname="edu.berkeley.cs186.database.index.TestLeafNode" time="0.002"/>
  <testcase name="testToAndFromBytes" classname="edu.berkeley.cs186.database.index.TestLeafNode" time="0.006"/>
  <testcase name="testScanAll" classname="edu.berkeley.cs186.database.index.TestLeafNode" time="0.004"/>
  <testcase name="testToSexp" classname="edu.berkeley.cs186.database.index.TestLeafNode" time="0.005"/>
  <testcase name="testDuplicatePut" classname="edu.berkeley.cs186.database.index.TestLeafNode" time="0.045"/>
</testsuite>